2020-11-16 14:05:53 [::1][-][2ob34t9m609usea4u7mfmbias6][error][yii\base\ErrorException:32] yii\base\ErrorException: Module 'openssl' already loaded in Unknown:0
Stack trace:
#0 [internal function]: yii\base\ErrorHandler->handleFatalError()
#1 {main}
2020-11-16 14:05:52 [::1][-][2ob34t9m609usea4u7mfmbias6][info][application] $_GET = []

$_POST = []

$_FILES = []

$_COOKIE = [
    '_csrf-frontend' => '963fbb701765859b6817cd6a1c223c54f88ff783576760edd00b1cd085221683a:2:{i:0;s:14:\"_csrf-frontend\";i:1;s:32:\"s17TBVl32BghIE1bE_xIDvKOd8ePBvzy\";}'
    'advanced-frontend' => 'l0qvufb37uj4p1r1lnlg92it3d'
]

$_SESSION = [
    '__flash' => []
    '__returnUrl' => 'http://localhost/web2back/'
]

$_SERVER = [
    '_FCGI_X_PIPE_' => '\\\\.\\pipe\\IISFCGI-91cddd1d-21bc-4808-8571-22f055a396b4'
    'PHP_FCGI_MAX_REQUESTS' => '200'
    'PHPRC' => 'D:\\PHP\\php_7_3_24\\'
    'ALLUSERSPROFILE' => 'C:\\ProgramData'
    'APPDATA' => 'C:\\Windows\\system32\\config\\systemprofile\\AppData\\Roaming'
    'APP_POOL_CONFIG' => 'C:\\inetpub\\temp\\apppools\\DefaultAppPool\\DefaultAppPool.config'
    'APP_POOL_ID' => 'DefaultAppPool'
    'CommonProgramFiles' => 'C:\\Program Files\\Common Files'
    'CommonProgramFiles(x86)' => 'C:\\Program Files (x86)\\Common Files'
    'CommonProgramW6432' => 'C:\\Program Files\\Common Files'
    'COMPUTERNAME' => 'DUYNK-CFDE'
    'ComSpec' => 'C:\\Windows\\system32\\cmd.exe'
    'DriverData' => 'C:\\Windows\\System32\\Drivers\\DriverData'
    'LOCALAPPDATA' => 'C:\\Windows\\system32\\config\\systemprofile\\AppData\\Local'
    'NUMBER_OF_PROCESSORS' => '2'
    'OS' => 'Windows_NT'
    'Path' => 'C:\\Windows\\system32;C:\\Windows;C:\\Windows\\System32\\Wbem;C:\\Windows\\System32\\WindowsPowerShell\\v1.0\\;C:\\Windows\\System32\\OpenSSH\\;D:\\PHP\\php_7_3_24;C:\\ProgramData\\ComposerSetup\\bin;C:\\Program Files\\Git\\cmd;C:\\Program Files\\dotnet\\;C:\\Program Files\\Microsoft SQL Server\\130\\Tools\\Binn\\;C:\\Windows\\system32\\config\\systemprofile\\AppData\\Local\\Microsoft\\WindowsApps'
    'PATHEXT' => '.COM;.EXE;.BAT;.CMD;.VBS;.VBE;.JS;.JSE;.WSF;.WSH;.MSC'
    'PROCESSOR_ARCHITECTURE' => 'AMD64'
    'PROCESSOR_IDENTIFIER' => 'Intel64 Family 6 Model 23 Stepping 10, GenuineIntel'
    'PROCESSOR_LEVEL' => '6'
    'PROCESSOR_REVISION' => '170a'
    'ProgramData' => 'C:\\ProgramData'
    'ProgramFiles' => 'C:\\Program Files'
    'ProgramFiles(x86)' => 'C:\\Program Files (x86)'
    'ProgramW6432' => 'C:\\Program Files'
    'PSModulePath' => 'C:\\Program Files\\WindowsPowerShell\\Modules;C:\\Windows\\system32\\WindowsPowerShell\\v1.0\\Modules'
    'PUBLIC' => 'C:\\Users\\Public'
    'SystemDrive' => 'C:'
    'SystemRoot' => 'C:\\Windows'
    'TEMP' => 'C:\\Windows\\TEMP'
    'TMP' => 'C:\\Windows\\TEMP'
    'USERDOMAIN' => 'WORKGROUP'
    'USERNAME' => 'DUYNK-CFDE$'
    'USERPROFILE' => 'C:\\Windows\\system32\\config\\systemprofile'
    'VS150COMCOMNTOOLS' => 'C:\\Program Files (x86)\\Microsoft Visual Studio\\2017\\Community\\Common7\\Tools\\'
    'windir' => 'C:\\Windows'
    'ORIG_PATH_INFO' => '/web2back/index.php'
    'URL' => '/web2back/index.php'
    'SERVER_SOFTWARE' => 'Microsoft-IIS/10.0'
    'SERVER_PROTOCOL' => 'HTTP/1.1'
    'SERVER_PORT_SECURE' => '0'
    'SERVER_PORT' => '80'
    'SERVER_NAME' => 'localhost'
    'SCRIPT_NAME' => '/web2back/index.php'
    'SCRIPT_FILENAME' => 'D:\\website\\web2\\backend\\web\\index.php'
    'REQUEST_URI' => '/web2back/'
    'REQUEST_METHOD' => 'GET'
    'REMOTE_USER' => ''
    'REMOTE_PORT' => '63300'
    'REMOTE_HOST' => '::1'
    'REMOTE_ADDR' => '::1'
    'QUERY_STRING' => ''
    'PATH_TRANSLATED' => 'D:\\website\\web2\\backend\\web\\index.php'
    'LOGON_USER' => ''
    'LOCAL_ADDR' => '::1'
    'INSTANCE_META_PATH' => '/LM/W3SVC/1'
    'INSTANCE_NAME' => 'DEFAULT WEB SITE'
    'INSTANCE_ID' => '1'
    'HTTPS_SERVER_SUBJECT' => ''
    'HTTPS_SERVER_ISSUER' => ''
    'HTTPS_SECRETKEYSIZE' => ''
    'HTTPS_KEYSIZE' => ''
    'HTTPS' => 'off'
    'GATEWAY_INTERFACE' => 'CGI/1.1'
    'DOCUMENT_ROOT' => 'C:\\inetpub\\wwwroot'
    'CONTENT_TYPE' => ''
    'CONTENT_LENGTH' => '0'
    'CERT_SUBJECT' => ''
    'CERT_SERIALNUMBER' => ''
    'CERT_ISSUER' => ''
    'CERT_FLAGS' => ''
    'CERT_COOKIE' => ''
    'AUTH_USER' => ''
    'AUTH_PASSWORD' => ''
    'AUTH_TYPE' => ''
    'APPL_PHYSICAL_PATH' => 'C:\\inetpub\\wwwroot\\'
    'APPL_MD_PATH' => '/LM/W3SVC/1/ROOT'
    'WEBSOCKET_VERSION' => '13'
    'HTTP_SEC_FETCH_DEST' => 'document'
    'HTTP_SEC_FETCH_USER' => '?1'
    'HTTP_SEC_FETCH_MODE' => 'navigate'
    'HTTP_SEC_FETCH_SITE' => 'none'
    'HTTP_UPGRADE_INSECURE_REQUESTS' => '1'
    'HTTP_USER_AGENT' => 'Mozilla/5.0 (Windows NT 10.0; Win64; x64) AppleWebKit/537.36 (KHTML, like Gecko) Chrome/86.0.4240.198 Safari/537.36'
    'HTTP_HOST' => 'localhost'
    'HTTP_COOKIE' => '_csrf-frontend=963fbb701765859b6817cd6a1c223c54f88ff783576760edd00b1cd085221683a%3A2%3A%7Bi%3A0%3Bs%3A14%3A%22_csrf-frontend%22%3Bi%3A1%3Bs%3A32%3A%22s17TBVl32BghIE1bE_xIDvKOd8ePBvzy%22%3B%7D; advanced-frontend=l0qvufb37uj4p1r1lnlg92it3d'
    'HTTP_ACCEPT_LANGUAGE' => 'vi-VN,vi;q=0.9,fr-FR;q=0.8,fr;q=0.7,en-US;q=0.6,en;q=0.5'
    'HTTP_ACCEPT_ENCODING' => 'gzip, deflate, br'
    'HTTP_ACCEPT' => 'text/html,application/xhtml+xml,application/xml;q=0.9,image/avif,image/webp,image/apng,*/*;q=0.8,application/signed-exchange;v=b3;q=0.9'
    'HTTP_CONTENT_LENGTH' => '0'
    'HTTP_CONNECTION' => 'keep-alive'
    'FCGI_ROLE' => 'RESPONDER'
    'PHP_SELF' => '/web2back/index.php'
    'REQUEST_TIME_FLOAT' => 1605510352.9221
    'REQUEST_TIME' => 1605510352
]
2020-11-16 14:06:18 [::1][-][2ob34t9m609usea4u7mfmbias6][error][yii\base\InvalidConfigException] yii\base\InvalidConfigException: The table does not exist: {{%user}} in D:\website\web2\vendor\yiisoft\yii2\db\ActiveRecord.php:438
Stack trace:
#0 D:\website\web2\vendor\yiisoft\yii2\db\ActiveRecord.php(262): yii\db\ActiveRecord::getTableSchema()
#1 D:\website\web2\vendor\yiisoft\yii2\db\ActiveRecord.php(234): yii\db\ActiveRecord::filterValidColumnNames(Object(yii\db\Connection), Array)
#2 D:\website\web2\vendor\yiisoft\yii2\db\ActiveRecord.php(191): yii\db\ActiveRecord::filterCondition(Array, Array)
#3 D:\website\web2\vendor\yiisoft\yii2\db\BaseActiveRecord.php(112): yii\db\ActiveRecord::findByCondition(Array)
#4 D:\website\web2\common\models\User.php(85): yii\db\BaseActiveRecord::findOne(Array)
#5 D:\website\web2\common\models\LoginForm.php(73): common\models\User::findByUsername('a')
#6 D:\website\web2\common\models\LoginForm.php(44): common\models\LoginForm->getUser()
#7 D:\website\web2\vendor\yiisoft\yii2\validators\InlineValidator.php(84): common\models\LoginForm->validatePassword('password', NULL, Object(yii\validators\InlineValidator), 'a')
#8 D:\website\web2\vendor\yiisoft\yii2\validators\Validator.php(261): yii\validators\InlineValidator->validateAttribute(Object(common\models\LoginForm), 'password')
#9 D:\website\web2\vendor\yiisoft\yii2\base\Model.php(367): yii\validators\Validator->validateAttributes(Object(common\models\LoginForm), Array)
#10 D:\website\web2\common\models\LoginForm.php(58): yii\base\Model->validate()
#11 D:\website\web2\backend\controllers\SiteController.php(80): common\models\LoginForm->login()
#12 [internal function]: backend\controllers\SiteController->actionLogin()
#13 D:\website\web2\vendor\yiisoft\yii2\base\InlineAction.php(57): call_user_func_array(Array, Array)
#14 D:\website\web2\vendor\yiisoft\yii2\base\Controller.php(180): yii\base\InlineAction->runWithParams(Array)
#15 D:\website\web2\vendor\yiisoft\yii2\base\Module.php(528): yii\base\Controller->runAction('login', Array)
#16 D:\website\web2\vendor\yiisoft\yii2\web\Application.php(103): yii\base\Module->runAction('site/login', Array)
#17 D:\website\web2\vendor\yiisoft\yii2\base\Application.php(386): yii\web\Application->handleRequest(Object(yii\web\Request))
#18 D:\website\web2\backend\web\index.php(17): yii\base\Application->run()
#19 {main}
2020-11-16 14:06:18 [::1][-][2ob34t9m609usea4u7mfmbias6][info][application] $_GET = [
    'r' => 'site/login'
]

$_POST = [
    '_csrf-backend' => 'zbCfCAk3GK-3nGFg8UdKYqwfFcPeFz0A_drtzJx4a2eXxtJSZWVT4-7uMTKrfj8uyFJkuu1RYmiL6aSL7Dc7MQ=='
    'LoginForm' => [
        'username' => 'a'
        'password' => 'a'
        'rememberMe' => '1'
    ]
    'login-button' => ''
]

$_FILES = []

$_COOKIE = [
    '_csrf-frontend' => '963fbb701765859b6817cd6a1c223c54f88ff783576760edd00b1cd085221683a:2:{i:0;s:14:\"_csrf-frontend\";i:1;s:32:\"s17TBVl32BghIE1bE_xIDvKOd8ePBvzy\";}'
    'advanced-frontend' => 'l0qvufb37uj4p1r1lnlg92it3d'
    'advanced-backend' => '2ob34t9m609usea4u7mfmbias6'
    '_csrf-backend' => '26e461182607f58b56917be0d358c3978695f03ee634178bafc2368e8210e301a:2:{i:0;s:13:\"_csrf-backend\";i:1;s:32:\"ZvMZlRKLYrPRZ9uLdMqy3F_hv3IGpOPV\";}'
]

$_SESSION = [
    '__flash' => []
    '__returnUrl' => 'http://localhost/web2back/'
]

$_SERVER = [
    '_FCGI_X_PIPE_' => '\\\\.\\pipe\\IISFCGI-91cddd1d-21bc-4808-8571-22f055a396b4'
    'PHP_FCGI_MAX_REQUESTS' => '200'
    'PHPRC' => 'D:\\PHP\\php_7_3_24\\'
    'ALLUSERSPROFILE' => 'C:\\ProgramData'
    'APPDATA' => 'C:\\Windows\\system32\\config\\systemprofile\\AppData\\Roaming'
    'APP_POOL_CONFIG' => 'C:\\inetpub\\temp\\apppools\\DefaultAppPool\\DefaultAppPool.config'
    'APP_POOL_ID' => 'DefaultAppPool'
    'CommonProgramFiles' => 'C:\\Program Files\\Common Files'
    'CommonProgramFiles(x86)' => 'C:\\Program Files (x86)\\Common Files'
    'CommonProgramW6432' => 'C:\\Program Files\\Common Files'
    'COMPUTERNAME' => 'DUYNK-CFDE'
    'ComSpec' => 'C:\\Windows\\system32\\cmd.exe'
    'DriverData' => 'C:\\Windows\\System32\\Drivers\\DriverData'
    'LOCALAPPDATA' => 'C:\\Windows\\system32\\config\\systemprofile\\AppData\\Local'
    'NUMBER_OF_PROCESSORS' => '2'
    'OS' => 'Windows_NT'
    'Path' => 'C:\\Windows\\system32;C:\\Windows;C:\\Windows\\System32\\Wbem;C:\\Windows\\System32\\WindowsPowerShell\\v1.0\\;C:\\Windows\\System32\\OpenSSH\\;D:\\PHP\\php_7_3_24;C:\\ProgramData\\ComposerSetup\\bin;C:\\Program Files\\Git\\cmd;C:\\Program Files\\dotnet\\;C:\\Program Files\\Microsoft SQL Server\\130\\Tools\\Binn\\;C:\\Windows\\system32\\config\\systemprofile\\AppData\\Local\\Microsoft\\WindowsApps'
    'PATHEXT' => '.COM;.EXE;.BAT;.CMD;.VBS;.VBE;.JS;.JSE;.WSF;.WSH;.MSC'
    'PROCESSOR_ARCHITECTURE' => 'AMD64'
    'PROCESSOR_IDENTIFIER' => 'Intel64 Family 6 Model 23 Stepping 10, GenuineIntel'
    'PROCESSOR_LEVEL' => '6'
    'PROCESSOR_REVISION' => '170a'
    'ProgramData' => 'C:\\ProgramData'
    'ProgramFiles' => 'C:\\Program Files'
    'ProgramFiles(x86)' => 'C:\\Program Files (x86)'
    'ProgramW6432' => 'C:\\Program Files'
    'PSModulePath' => 'C:\\Program Files\\WindowsPowerShell\\Modules;C:\\Windows\\system32\\WindowsPowerShell\\v1.0\\Modules'
    'PUBLIC' => 'C:\\Users\\Public'
    'SystemDrive' => 'C:'
    'SystemRoot' => 'C:\\Windows'
    'TEMP' => 'C:\\Windows\\TEMP'
    'TMP' => 'C:\\Windows\\TEMP'
    'USERDOMAIN' => 'WORKGROUP'
    'USERNAME' => 'DUYNK-CFDE$'
    'USERPROFILE' => 'C:\\Windows\\system32\\config\\systemprofile'
    'VS150COMCOMNTOOLS' => 'C:\\Program Files (x86)\\Microsoft Visual Studio\\2017\\Community\\Common7\\Tools\\'
    'windir' => 'C:\\Windows'
    'ORIG_PATH_INFO' => '/web2back/index.php'
    'URL' => '/web2back/index.php'
    'SERVER_SOFTWARE' => 'Microsoft-IIS/10.0'
    'SERVER_PROTOCOL' => 'HTTP/1.1'
    'SERVER_PORT_SECURE' => '0'
    'SERVER_PORT' => '80'
    'SERVER_NAME' => 'localhost'
    'SCRIPT_NAME' => '/web2back/index.php'
    'SCRIPT_FILENAME' => 'D:\\website\\web2\\backend\\web\\index.php'
    'REQUEST_URI' => '/web2back/index.php?r=site%2Flogin'
    'REQUEST_METHOD' => 'POST'
    'REMOTE_USER' => ''
    'REMOTE_PORT' => '63310'
    'REMOTE_HOST' => '::1'
    'REMOTE_ADDR' => '::1'
    'QUERY_STRING' => 'r=site%2Flogin'
    'PATH_TRANSLATED' => 'D:\\website\\web2\\backend\\web\\index.php'
    'LOGON_USER' => ''
    'LOCAL_ADDR' => '::1'
    'INSTANCE_META_PATH' => '/LM/W3SVC/1'
    'INSTANCE_NAME' => 'DEFAULT WEB SITE'
    'INSTANCE_ID' => '1'
    'HTTPS_SERVER_SUBJECT' => ''
    'HTTPS_SERVER_ISSUER' => ''
    'HTTPS_SECRETKEYSIZE' => ''
    'HTTPS_KEYSIZE' => ''
    'HTTPS' => 'off'
    'GATEWAY_INTERFACE' => 'CGI/1.1'
    'DOCUMENT_ROOT' => 'C:\\inetpub\\wwwroot'
    'CONTENT_TYPE' => 'application/x-www-form-urlencoded'
    'CONTENT_LENGTH' => '228'
    'CERT_SUBJECT' => ''
    'CERT_SERIALNUMBER' => ''
    'CERT_ISSUER' => ''
    'CERT_FLAGS' => ''
    'CERT_COOKIE' => ''
    'AUTH_USER' => ''
    'AUTH_PASSWORD' => ''
    'AUTH_TYPE' => ''
    'APPL_PHYSICAL_PATH' => 'C:\\inetpub\\wwwroot\\'
    'APPL_MD_PATH' => '/LM/W3SVC/1/ROOT'
    'WEBSOCKET_VERSION' => '13'
    'HTTP_SEC_FETCH_DEST' => 'document'
    'HTTP_SEC_FETCH_USER' => '?1'
    'HTTP_SEC_FETCH_MODE' => 'navigate'
    'HTTP_SEC_FETCH_SITE' => 'same-origin'
    'HTTP_ORIGIN' => 'http://localhost'
    'HTTP_UPGRADE_INSECURE_REQUESTS' => '1'
    'HTTP_USER_AGENT' => 'Mozilla/5.0 (Windows NT 10.0; Win64; x64) AppleWebKit/537.36 (KHTML, like Gecko) Chrome/86.0.4240.198 Safari/537.36'
    'HTTP_REFERER' => 'http://localhost/web2back/index.php?r=site%2Flogin'
    'HTTP_HOST' => 'localhost'
    'HTTP_COOKIE' => '_csrf-frontend=963fbb701765859b6817cd6a1c223c54f88ff783576760edd00b1cd085221683a%3A2%3A%7Bi%3A0%3Bs%3A14%3A%22_csrf-frontend%22%3Bi%3A1%3Bs%3A32%3A%22s17TBVl32BghIE1bE_xIDvKOd8ePBvzy%22%3B%7D; advanced-frontend=l0qvufb37uj4p1r1lnlg92it3d; advanced-backend=2ob34t9m609usea4u7mfmbias6; _csrf-backend=26e461182607f58b56917be0d358c3978695f03ee634178bafc2368e8210e301a%3A2%3A%7Bi%3A0%3Bs%3A13%3A%22_csrf-backend%22%3Bi%3A1%3Bs%3A32%3A%22ZvMZlRKLYrPRZ9uLdMqy3F_hv3IGpOPV%22%3B%7D'
    'HTTP_ACCEPT_LANGUAGE' => 'vi-VN,vi;q=0.9,fr-FR;q=0.8,fr;q=0.7,en-US;q=0.6,en;q=0.5'
    'HTTP_ACCEPT_ENCODING' => 'gzip, deflate, br'
    'HTTP_ACCEPT' => 'text/html,application/xhtml+xml,application/xml;q=0.9,image/avif,image/webp,image/apng,*/*;q=0.8,application/signed-exchange;v=b3;q=0.9'
    'HTTP_CONTENT_TYPE' => 'application/x-www-form-urlencoded'
    'HTTP_CONTENT_LENGTH' => '228'
    'HTTP_CONNECTION' => 'keep-alive'
    'HTTP_CACHE_CONTROL' => 'max-age=0'
    'FCGI_ROLE' => 'RESPONDER'
    'PHP_SELF' => '/web2back/index.php'
    'REQUEST_TIME_FLOAT' => 1605510378.2121
    'REQUEST_TIME' => 1605510378
]
2020-11-16 14:06:25 [::1][-][2ob34t9m609usea4u7mfmbias6][error][yii\base\InvalidConfigException] yii\base\InvalidConfigException: The table does not exist: {{%user}} in D:\website\web2\vendor\yiisoft\yii2\db\ActiveRecord.php:438
Stack trace:
#0 D:\website\web2\vendor\yiisoft\yii2\db\ActiveRecord.php(262): yii\db\ActiveRecord::getTableSchema()
#1 D:\website\web2\vendor\yiisoft\yii2\db\ActiveRecord.php(234): yii\db\ActiveRecord::filterValidColumnNames(Object(yii\db\Connection), Array)
#2 D:\website\web2\vendor\yiisoft\yii2\db\ActiveRecord.php(191): yii\db\ActiveRecord::filterCondition(Array, Array)
#3 D:\website\web2\vendor\yiisoft\yii2\db\BaseActiveRecord.php(112): yii\db\ActiveRecord::findByCondition(Array)
#4 D:\website\web2\common\models\User.php(85): yii\db\BaseActiveRecord::findOne(Array)
#5 D:\website\web2\common\models\LoginForm.php(73): common\models\User::findByUsername('a')
#6 D:\website\web2\common\models\LoginForm.php(44): common\models\LoginForm->getUser()
#7 D:\website\web2\vendor\yiisoft\yii2\validators\InlineValidator.php(84): common\models\LoginForm->validatePassword('password', NULL, Object(yii\validators\InlineValidator), 'a')
#8 D:\website\web2\vendor\yiisoft\yii2\validators\Validator.php(261): yii\validators\InlineValidator->validateAttribute(Object(common\models\LoginForm), 'password')
#9 D:\website\web2\vendor\yiisoft\yii2\base\Model.php(367): yii\validators\Validator->validateAttributes(Object(common\models\LoginForm), Array)
#10 D:\website\web2\common\models\LoginForm.php(58): yii\base\Model->validate()
#11 D:\website\web2\backend\controllers\SiteController.php(80): common\models\LoginForm->login()
#12 [internal function]: backend\controllers\SiteController->actionLogin()
#13 D:\website\web2\vendor\yiisoft\yii2\base\InlineAction.php(57): call_user_func_array(Array, Array)
#14 D:\website\web2\vendor\yiisoft\yii2\base\Controller.php(180): yii\base\InlineAction->runWithParams(Array)
#15 D:\website\web2\vendor\yiisoft\yii2\base\Module.php(528): yii\base\Controller->runAction('login', Array)
#16 D:\website\web2\vendor\yiisoft\yii2\web\Application.php(103): yii\base\Module->runAction('site/login', Array)
#17 D:\website\web2\vendor\yiisoft\yii2\base\Application.php(386): yii\web\Application->handleRequest(Object(yii\web\Request))
#18 D:\website\web2\backend\web\index.php(17): yii\base\Application->run()
#19 {main}
2020-11-16 14:06:25 [::1][-][2ob34t9m609usea4u7mfmbias6][info][application] $_GET = [
    'r' => 'site/login'
]

$_POST = [
    '_csrf-backend' => 'zbCfCAk3GK-3nGFg8UdKYqwfFcPeFz0A_drtzJx4a2eXxtJSZWVT4-7uMTKrfj8uyFJkuu1RYmiL6aSL7Dc7MQ=='
    'LoginForm' => [
        'username' => 'a'
        'password' => 'a'
        'rememberMe' => '1'
    ]
    'login-button' => ''
]

$_FILES = []

$_COOKIE = [
    '_csrf-frontend' => '963fbb701765859b6817cd6a1c223c54f88ff783576760edd00b1cd085221683a:2:{i:0;s:14:\"_csrf-frontend\";i:1;s:32:\"s17TBVl32BghIE1bE_xIDvKOd8ePBvzy\";}'
    'advanced-frontend' => 'l0qvufb37uj4p1r1lnlg92it3d'
    'advanced-backend' => '2ob34t9m609usea4u7mfmbias6'
    '_csrf-backend' => '26e461182607f58b56917be0d358c3978695f03ee634178bafc2368e8210e301a:2:{i:0;s:13:\"_csrf-backend\";i:1;s:32:\"ZvMZlRKLYrPRZ9uLdMqy3F_hv3IGpOPV\";}'
]

$_SESSION = [
    '__flash' => []
    '__returnUrl' => 'http://localhost/web2back/'
]

$_SERVER = [
    '_FCGI_X_PIPE_' => '\\\\.\\pipe\\IISFCGI-91cddd1d-21bc-4808-8571-22f055a396b4'
    'PHP_FCGI_MAX_REQUESTS' => '200'
    'PHPRC' => 'D:\\PHP\\php_7_3_24\\'
    'ALLUSERSPROFILE' => 'C:\\ProgramData'
    'APPDATA' => 'C:\\Windows\\system32\\config\\systemprofile\\AppData\\Roaming'
    'APP_POOL_CONFIG' => 'C:\\inetpub\\temp\\apppools\\DefaultAppPool\\DefaultAppPool.config'
    'APP_POOL_ID' => 'DefaultAppPool'
    'CommonProgramFiles' => 'C:\\Program Files\\Common Files'
    'CommonProgramFiles(x86)' => 'C:\\Program Files (x86)\\Common Files'
    'CommonProgramW6432' => 'C:\\Program Files\\Common Files'
    'COMPUTERNAME' => 'DUYNK-CFDE'
    'ComSpec' => 'C:\\Windows\\system32\\cmd.exe'
    'DriverData' => 'C:\\Windows\\System32\\Drivers\\DriverData'
    'LOCALAPPDATA' => 'C:\\Windows\\system32\\config\\systemprofile\\AppData\\Local'
    'NUMBER_OF_PROCESSORS' => '2'
    'OS' => 'Windows_NT'
    'Path' => 'C:\\Windows\\system32;C:\\Windows;C:\\Windows\\System32\\Wbem;C:\\Windows\\System32\\WindowsPowerShell\\v1.0\\;C:\\Windows\\System32\\OpenSSH\\;D:\\PHP\\php_7_3_24;C:\\ProgramData\\ComposerSetup\\bin;C:\\Program Files\\Git\\cmd;C:\\Program Files\\dotnet\\;C:\\Program Files\\Microsoft SQL Server\\130\\Tools\\Binn\\;C:\\Windows\\system32\\config\\systemprofile\\AppData\\Local\\Microsoft\\WindowsApps'
    'PATHEXT' => '.COM;.EXE;.BAT;.CMD;.VBS;.VBE;.JS;.JSE;.WSF;.WSH;.MSC'
    'PROCESSOR_ARCHITECTURE' => 'AMD64'
    'PROCESSOR_IDENTIFIER' => 'Intel64 Family 6 Model 23 Stepping 10, GenuineIntel'
    'PROCESSOR_LEVEL' => '6'
    'PROCESSOR_REVISION' => '170a'
    'ProgramData' => 'C:\\ProgramData'
    'ProgramFiles' => 'C:\\Program Files'
    'ProgramFiles(x86)' => 'C:\\Program Files (x86)'
    'ProgramW6432' => 'C:\\Program Files'
    'PSModulePath' => 'C:\\Program Files\\WindowsPowerShell\\Modules;C:\\Windows\\system32\\WindowsPowerShell\\v1.0\\Modules'
    'PUBLIC' => 'C:\\Users\\Public'
    'SystemDrive' => 'C:'
    'SystemRoot' => 'C:\\Windows'
    'TEMP' => 'C:\\Windows\\TEMP'
    'TMP' => 'C:\\Windows\\TEMP'
    'USERDOMAIN' => 'WORKGROUP'
    'USERNAME' => 'DUYNK-CFDE$'
    'USERPROFILE' => 'C:\\Windows\\system32\\config\\systemprofile'
    'VS150COMCOMNTOOLS' => 'C:\\Program Files (x86)\\Microsoft Visual Studio\\2017\\Community\\Common7\\Tools\\'
    'windir' => 'C:\\Windows'
    'ORIG_PATH_INFO' => '/web2back/index.php'
    'URL' => '/web2back/index.php'
    'SERVER_SOFTWARE' => 'Microsoft-IIS/10.0'
    'SERVER_PROTOCOL' => 'HTTP/1.1'
    'SERVER_PORT_SECURE' => '0'
    'SERVER_PORT' => '80'
    'SERVER_NAME' => 'localhost'
    'SCRIPT_NAME' => '/web2back/index.php'
    'SCRIPT_FILENAME' => 'D:\\website\\web2\\backend\\web\\index.php'
    'REQUEST_URI' => '/web2back/index.php?r=site%2Flogin'
    'REQUEST_METHOD' => 'POST'
    'REMOTE_USER' => ''
    'REMOTE_PORT' => '63310'
    'REMOTE_HOST' => '::1'
    'REMOTE_ADDR' => '::1'
    'QUERY_STRING' => 'r=site%2Flogin'
    'PATH_TRANSLATED' => 'D:\\website\\web2\\backend\\web\\index.php'
    'LOGON_USER' => ''
    'LOCAL_ADDR' => '::1'
    'INSTANCE_META_PATH' => '/LM/W3SVC/1'
    'INSTANCE_NAME' => 'DEFAULT WEB SITE'
    'INSTANCE_ID' => '1'
    'HTTPS_SERVER_SUBJECT' => ''
    'HTTPS_SERVER_ISSUER' => ''
    'HTTPS_SECRETKEYSIZE' => ''
    'HTTPS_KEYSIZE' => ''
    'HTTPS' => 'off'
    'GATEWAY_INTERFACE' => 'CGI/1.1'
    'DOCUMENT_ROOT' => 'C:\\inetpub\\wwwroot'
    'CONTENT_TYPE' => 'application/x-www-form-urlencoded'
    'CONTENT_LENGTH' => '228'
    'CERT_SUBJECT' => ''
    'CERT_SERIALNUMBER' => ''
    'CERT_ISSUER' => ''
    'CERT_FLAGS' => ''
    'CERT_COOKIE' => ''
    'AUTH_USER' => ''
    'AUTH_PASSWORD' => ''
    'AUTH_TYPE' => ''
    'APPL_PHYSICAL_PATH' => 'C:\\inetpub\\wwwroot\\'
    'APPL_MD_PATH' => '/LM/W3SVC/1/ROOT'
    'WEBSOCKET_VERSION' => '13'
    'HTTP_SEC_FETCH_DEST' => 'document'
    'HTTP_SEC_FETCH_USER' => '?1'
    'HTTP_SEC_FETCH_MODE' => 'navigate'
    'HTTP_SEC_FETCH_SITE' => 'same-origin'
    'HTTP_ORIGIN' => 'http://localhost'
    'HTTP_UPGRADE_INSECURE_REQUESTS' => '1'
    'HTTP_USER_AGENT' => 'Mozilla/5.0 (Windows NT 10.0; Win64; x64) AppleWebKit/537.36 (KHTML, like Gecko) Chrome/86.0.4240.198 Safari/537.36'
    'HTTP_REFERER' => 'http://localhost/web2back/index.php?r=site%2Flogin'
    'HTTP_HOST' => 'localhost'
    'HTTP_COOKIE' => '_csrf-frontend=963fbb701765859b6817cd6a1c223c54f88ff783576760edd00b1cd085221683a%3A2%3A%7Bi%3A0%3Bs%3A14%3A%22_csrf-frontend%22%3Bi%3A1%3Bs%3A32%3A%22s17TBVl32BghIE1bE_xIDvKOd8ePBvzy%22%3B%7D; advanced-frontend=l0qvufb37uj4p1r1lnlg92it3d; advanced-backend=2ob34t9m609usea4u7mfmbias6; _csrf-backend=26e461182607f58b56917be0d358c3978695f03ee634178bafc2368e8210e301a%3A2%3A%7Bi%3A0%3Bs%3A13%3A%22_csrf-backend%22%3Bi%3A1%3Bs%3A32%3A%22ZvMZlRKLYrPRZ9uLdMqy3F_hv3IGpOPV%22%3B%7D'
    'HTTP_ACCEPT_LANGUAGE' => 'vi-VN,vi;q=0.9,fr-FR;q=0.8,fr;q=0.7,en-US;q=0.6,en;q=0.5'
    'HTTP_ACCEPT_ENCODING' => 'gzip, deflate, br'
    'HTTP_ACCEPT' => 'text/html,application/xhtml+xml,application/xml;q=0.9,image/avif,image/webp,image/apng,*/*;q=0.8,application/signed-exchange;v=b3;q=0.9'
    'HTTP_CONTENT_TYPE' => 'application/x-www-form-urlencoded'
    'HTTP_CONTENT_LENGTH' => '228'
    'HTTP_CONNECTION' => 'keep-alive'
    'HTTP_CACHE_CONTROL' => 'max-age=0'
    'FCGI_ROLE' => 'RESPONDER'
    'PHP_SELF' => '/web2back/index.php'
    'REQUEST_TIME_FLOAT' => 1605510385.0313
    'REQUEST_TIME' => 1605510385
]
2020-11-16 14:28:36 [::1][-][2ob34t9m609usea4u7mfmbias6][error][yii\base\ErrorException:32] yii\base\ErrorException: Module 'openssl' already loaded in Unknown:0
Stack trace:
#0 [internal function]: yii\base\ErrorHandler->handleFatalError()
#1 {main}
2020-11-16 14:28:36 [::1][-][2ob34t9m609usea4u7mfmbias6][info][application] $_GET = []

$_POST = []

$_FILES = []

$_COOKIE = [
    '_csrf-frontend' => '963fbb701765859b6817cd6a1c223c54f88ff783576760edd00b1cd085221683a:2:{i:0;s:14:\"_csrf-frontend\";i:1;s:32:\"s17TBVl32BghIE1bE_xIDvKOd8ePBvzy\";}'
    'advanced-frontend' => 'l0qvufb37uj4p1r1lnlg92it3d'
    'advanced-backend' => '2ob34t9m609usea4u7mfmbias6'
    '_csrf-backend' => '26e461182607f58b56917be0d358c3978695f03ee634178bafc2368e8210e301a:2:{i:0;s:13:\"_csrf-backend\";i:1;s:32:\"ZvMZlRKLYrPRZ9uLdMqy3F_hv3IGpOPV\";}'
]

$_SESSION = [
    '__flash' => []
    '__returnUrl' => 'http://localhost/web2back/index.php'
]

$_SERVER = [
    '_FCGI_X_PIPE_' => '\\\\.\\pipe\\IISFCGI-0b34c46a-b6f9-4a0c-a4fc-857bc26bec18'
    'PHP_FCGI_MAX_REQUESTS' => '200'
    'PHPRC' => 'D:\\PHP\\php_7_3_24\\'
    'ALLUSERSPROFILE' => 'C:\\ProgramData'
    'APPDATA' => 'C:\\Windows\\system32\\config\\systemprofile\\AppData\\Roaming'
    'APP_POOL_CONFIG' => 'C:\\inetpub\\temp\\apppools\\DefaultAppPool\\DefaultAppPool.config'
    'APP_POOL_ID' => 'DefaultAppPool'
    'CommonProgramFiles' => 'C:\\Program Files\\Common Files'
    'CommonProgramFiles(x86)' => 'C:\\Program Files (x86)\\Common Files'
    'CommonProgramW6432' => 'C:\\Program Files\\Common Files'
    'COMPUTERNAME' => 'DUYNK-CFDE'
    'ComSpec' => 'C:\\Windows\\system32\\cmd.exe'
    'DriverData' => 'C:\\Windows\\System32\\Drivers\\DriverData'
    'LOCALAPPDATA' => 'C:\\Windows\\system32\\config\\systemprofile\\AppData\\Local'
    'NUMBER_OF_PROCESSORS' => '2'
    'OS' => 'Windows_NT'
    'Path' => 'C:\\Windows\\system32;C:\\Windows;C:\\Windows\\System32\\Wbem;C:\\Windows\\System32\\WindowsPowerShell\\v1.0\\;C:\\Windows\\System32\\OpenSSH\\;D:\\PHP\\php_7_3_24;C:\\ProgramData\\ComposerSetup\\bin;C:\\Program Files\\Git\\cmd;C:\\Program Files\\dotnet\\;C:\\Program Files\\Microsoft SQL Server\\130\\Tools\\Binn\\;C:\\Windows\\system32\\config\\systemprofile\\AppData\\Local\\Microsoft\\WindowsApps'
    'PATHEXT' => '.COM;.EXE;.BAT;.CMD;.VBS;.VBE;.JS;.JSE;.WSF;.WSH;.MSC'
    'PROCESSOR_ARCHITECTURE' => 'AMD64'
    'PROCESSOR_IDENTIFIER' => 'Intel64 Family 6 Model 23 Stepping 10, GenuineIntel'
    'PROCESSOR_LEVEL' => '6'
    'PROCESSOR_REVISION' => '170a'
    'ProgramData' => 'C:\\ProgramData'
    'ProgramFiles' => 'C:\\Program Files'
    'ProgramFiles(x86)' => 'C:\\Program Files (x86)'
    'ProgramW6432' => 'C:\\Program Files'
    'PSModulePath' => 'C:\\Program Files\\WindowsPowerShell\\Modules;C:\\Windows\\system32\\WindowsPowerShell\\v1.0\\Modules'
    'PUBLIC' => 'C:\\Users\\Public'
    'SystemDrive' => 'C:'
    'SystemRoot' => 'C:\\Windows'
    'TEMP' => 'C:\\Windows\\TEMP'
    'TMP' => 'C:\\Windows\\TEMP'
    'USERDOMAIN' => 'WORKGROUP'
    'USERNAME' => 'DUYNK-CFDE$'
    'USERPROFILE' => 'C:\\Windows\\system32\\config\\systemprofile'
    'VS150COMCOMNTOOLS' => 'C:\\Program Files (x86)\\Microsoft Visual Studio\\2017\\Community\\Common7\\Tools\\'
    'windir' => 'C:\\Windows'
    'ORIG_PATH_INFO' => '/web2back/index.php'
    'URL' => '/web2back/index.php'
    'SERVER_SOFTWARE' => 'Microsoft-IIS/10.0'
    'SERVER_PROTOCOL' => 'HTTP/1.1'
    'SERVER_PORT_SECURE' => '0'
    'SERVER_PORT' => '80'
    'SERVER_NAME' => 'localhost'
    'SCRIPT_NAME' => '/web2back/index.php'
    'SCRIPT_FILENAME' => 'D:\\website\\web2\\backend\\web\\index.php'
    'REQUEST_URI' => '/web2back/index.php'
    'REQUEST_METHOD' => 'GET'
    'REMOTE_USER' => ''
    'REMOTE_PORT' => '63599'
    'REMOTE_HOST' => '::1'
    'REMOTE_ADDR' => '::1'
    'QUERY_STRING' => ''
    'PATH_TRANSLATED' => 'D:\\website\\web2\\backend\\web\\index.php'
    'LOGON_USER' => ''
    'LOCAL_ADDR' => '::1'
    'INSTANCE_META_PATH' => '/LM/W3SVC/1'
    'INSTANCE_NAME' => 'DEFAULT WEB SITE'
    'INSTANCE_ID' => '1'
    'HTTPS_SERVER_SUBJECT' => ''
    'HTTPS_SERVER_ISSUER' => ''
    'HTTPS_SECRETKEYSIZE' => ''
    'HTTPS_KEYSIZE' => ''
    'HTTPS' => 'off'
    'GATEWAY_INTERFACE' => 'CGI/1.1'
    'DOCUMENT_ROOT' => 'C:\\inetpub\\wwwroot'
    'CONTENT_TYPE' => ''
    'CONTENT_LENGTH' => '0'
    'CERT_SUBJECT' => ''
    'CERT_SERIALNUMBER' => ''
    'CERT_ISSUER' => ''
    'CERT_FLAGS' => ''
    'CERT_COOKIE' => ''
    'AUTH_USER' => ''
    'AUTH_PASSWORD' => ''
    'AUTH_TYPE' => ''
    'APPL_PHYSICAL_PATH' => 'C:\\inetpub\\wwwroot\\'
    'APPL_MD_PATH' => '/LM/W3SVC/1/ROOT'
    'WEBSOCKET_VERSION' => '13'
    'HTTP_SEC_FETCH_DEST' => 'document'
    'HTTP_SEC_FETCH_USER' => '?1'
    'HTTP_SEC_FETCH_MODE' => 'navigate'
    'HTTP_SEC_FETCH_SITE' => 'none'
    'HTTP_UPGRADE_INSECURE_REQUESTS' => '1'
    'HTTP_USER_AGENT' => 'Mozilla/5.0 (Windows NT 10.0; Win64; x64) AppleWebKit/537.36 (KHTML, like Gecko) Chrome/86.0.4240.198 Safari/537.36'
    'HTTP_HOST' => 'localhost'
    'HTTP_COOKIE' => '_csrf-frontend=963fbb701765859b6817cd6a1c223c54f88ff783576760edd00b1cd085221683a%3A2%3A%7Bi%3A0%3Bs%3A14%3A%22_csrf-frontend%22%3Bi%3A1%3Bs%3A32%3A%22s17TBVl32BghIE1bE_xIDvKOd8ePBvzy%22%3B%7D; advanced-frontend=l0qvufb37uj4p1r1lnlg92it3d; advanced-backend=2ob34t9m609usea4u7mfmbias6; _csrf-backend=26e461182607f58b56917be0d358c3978695f03ee634178bafc2368e8210e301a%3A2%3A%7Bi%3A0%3Bs%3A13%3A%22_csrf-backend%22%3Bi%3A1%3Bs%3A32%3A%22ZvMZlRKLYrPRZ9uLdMqy3F_hv3IGpOPV%22%3B%7D'
    'HTTP_ACCEPT_LANGUAGE' => 'vi-VN,vi;q=0.9,fr-FR;q=0.8,fr;q=0.7,en-US;q=0.6,en;q=0.5'
    'HTTP_ACCEPT_ENCODING' => 'gzip, deflate, br'
    'HTTP_ACCEPT' => 'text/html,application/xhtml+xml,application/xml;q=0.9,image/avif,image/webp,image/apng,*/*;q=0.8,application/signed-exchange;v=b3;q=0.9'
    'HTTP_CONNECTION' => 'keep-alive'
    'FCGI_ROLE' => 'RESPONDER'
    'PHP_SELF' => '/web2back/index.php'
    'REQUEST_TIME_FLOAT' => 1605511716.4202
    'REQUEST_TIME' => 1605511716
]
